<?xml version="1.0" encoding="UTF-8"?>
<!-- Generated by org.testng.reporters.JUnitXMLReporter -->
<testsuite ignored="12" hostname="dearC" failures="0" tests="1" name="Default test" time="14.335" errors="0" timestamp="10 Nov 2018 05:48:14 GMT">
  <testcase classname="testCase.TestCase1" name="testCase1" time="7.624"/>
  <testcase classname="base.BaseClass" name="@AfterTest AfterTest" time="0.0">
    <ignored/>
  </testcase> <!-- @AfterTest AfterTest -->
  <testcase classname="base.BaseClass" name="@AfterTest AfterTest" time="0.0">
    <ignored/>
  </testcase> <!-- @AfterTest AfterTest -->
  <testcase classname="base.BaseClass" name="@AfterTest AfterTest" time="0.0">
    <ignored/>
  </testcase> <!-- @AfterTest AfterTest -->
  <testcase classname="base.BaseClass" name="@AfterTest AfterTest" time="0.0">
    <ignored/>
  </testcase> <!-- @AfterTest AfterTest -->
  <testcase classname="base.BaseClass" name="@BeforeTest BeforeTest" time="0.0">
    <ignored/>
  </testcase> <!-- @BeforeTest BeforeTest -->
  <testcase classname="base.BaseClass" name="@BeforeTest BeforeTest" time="0.0">
    <ignored/>
  </testcase> <!-- @BeforeTest BeforeTest -->
  <testcase classname="base.BaseClass" name="@BeforeTest BeforeTest" time="0.0">
    <ignored/>
  </testcase> <!-- @BeforeTest BeforeTest -->
  <testcase classname="base.BaseClass" name="@BeforeTest BeforeTest" time="0.0">
    <ignored/>
  </testcase> <!-- @BeforeTest BeforeTest -->
  <testcase classname="base.BaseClass" name="@BeforeSuite BeforeSuite" time="0.0">
    <ignored/>
  </testcase> <!-- @BeforeSuite BeforeSuite -->
  <testcase classname="base.BaseClass" name="@BeforeSuite BeforeSuite" time="0.0">
    <ignored/>
  </testcase> <!-- @BeforeSuite BeforeSuite -->
  <testcase classname="base.BaseClass" name="@BeforeSuite BeforeSuite" time="0.0">
    <ignored/>
  </testcase> <!-- @BeforeSuite BeforeSuite -->
  <testcase classname="base.BaseClass" name="@BeforeSuite BeforeSuite" time="0.0">
    <ignored/>
  </testcase> <!-- @BeforeSuite BeforeSuite -->
</testsuite> <!-- Default test -->
